<?xml version="1.0" encoding='ISO-8859-1' standalone='yes' ?>
<TestRun>
  <FailedTests></FailedTests>
  <SuccessfulTests>
    <Test id="1">
      <Name>TestCell::testInit</Name>
    </Test>
    <Test id="2">
      <Name>TestCell::testGetPredDensity</Name>
    </Test>
    <Test id="3">
      <Name>TestCell::testGetPreyDensity</Name>
    </Test>
    <Test id="4">
      <Name>TestCell::testGetState</Name>
    </Test>
    <Test id="5">
      <Name>TestCell::testSetPredDensity</Name>
    </Test>
    <Test id="6">
      <Name>TestCell::testSetPreyDensity</Name>
    </Test>
    <Test id="7">
      <Name>TestCell::testGetState</Name>
    </Test>
    <Test id="8">
      <Name>TestCell::testConstructorWet</Name>
    </Test>
    <Test id="9">
      <Name>TestCell::testConstructorDry</Name>
    </Test>
    <Test id="10">
      <Name>TestCell::testConstructorDryNegative</Name>
    </Test>
  </SuccessfulTests>
  <Statistics>
    <Tests>10</Tests>
    <FailuresTotal>0</FailuresTotal>
    <Errors>0</Errors>
    <Failures>0</Failures>
  </Statistics>
</TestRun>
